<?xml version="1.0" encoding="UTF-8"?>
<!-- Generated by org.testng.reporters.JUnitXMLReporter -->
<testsuite hostname="DESKTOP-KF72CNI" ignored="0" name="Surefire test" tests="5" failures="0" timestamp="2023-10-28T01:40:23 EDT" time="20.893" errors="0">
  <testcase name="SaveNewHotelWithBlankNotesField" time="2.258" classname="com.article.faces.hotel.NotesFieldTests"/>
  <testcase name="SaveNewHotelWithNotBlankNotesField" time="2.064" classname="com.article.faces.hotel.NotesFieldTests"/>
  <testcase name="VerifyThatNotesFieldAllowsAlphanumeric" time="0.951" classname="com.article.faces.hotel.NotesFieldTests"/>
  <testcase name="VerifyThatNotesFieldEditable" time="0.793" classname="com.article.faces.hotel.NotesFieldTests"/>
  <testcase name="VerifyThatNotesFieldIsDisplayed" time="0.811" classname="com.article.faces.hotel.NotesFieldTests"/>
</testsuite> <!-- Surefire test -->
